<?xml version="1.0" encoding="UTF-8"?>
<!-- Generated by org.testng.reporters.JUnitReportReporter -->
<testsuite skipped="0" hostname="DESKTOP-9TL6BLH" name="tests.HotelLogin" tests="1" failures="0" timestamp="09 Jul 2020 00:05:42 GMT" time="30.784" errors="0">
  <testcase name="loginToHotelPage" time="30.784" classname="tests.HotelLogin"/>
</testsuite> <!-- tests.HotelLogin -->
