<?xml version="1.0" encoding="UTF-8"?>
<!-- Generated by org.testng.reporters.JUnitReportReporter -->
<testsuite skipped="0" hostname="DESKTOP-H6OAKCI" name="tests.HotelLogin" tests="1" failures="0" timestamp="03 Jul 2020 01:39:09 GMT" time="16.290" errors="0">
  <testcase name="loginToHotelPage" time="16.290" classname="tests.HotelLogin"/>
</testsuite> <!-- tests.HotelLogin -->
